<?xml version="1.0" encoding="UTF-8" standalone="no"?>
<!DOCTYPE log SYSTEM "logger.dtd">
<log>
<record>
  <date>2016-04-29T10:38:33</date>
  <millis>1461915513091</millis>
  <sequence>0</sequence>
  <logger>Logic140</logger>
  <level>SEVERE</level>
  <class>logic140.Main</class>
  <method>error</method>
  <thread>13</thread>
  <message>java.lang.UnsatisfiedLinkError: C:\Users\oleksandr.shevchenko\AppData\Local\Temp\Logic1401114120906217566554.dll: Can't find dependent libraries</message>
  <exception>
    <message>java.lang.RuntimeException: java.lang.UnsatisfiedLinkError: C:\Users\oleksandr.shevchenko\AppData\Local\Temp\Logic1401114120906217566554.dll: Can't find dependent libraries</message>
    <frame>
      <class>libUsb.UsbDeviceFactory</class>
      <method>createInstance</method>
      <line>91</line>
    </frame>
    <frame>
      <class>logic140.DDS140</class>
      <method>&lt;init&gt;</method>
      <line>158</line>
    </frame>
    <frame>
      <class>logic140.Main</class>
      <method>lambda$start$5</method>
      <line>130</line>
    </frame>
    <frame>
      <class>java.lang.Thread</class>
      <method>run</method>
      <line>745</line>
    </frame>
  </exception>
</record>
